This file contains any messages produced by compilers while
running configure, to aid debugging if configure makes a mistake.

It was created by configure, which was
generated by GNU Autoconf 2.61.  Invocation command line was

  $ ./configure 

## --------- ##
## Platform. ##
## --------- ##

hostname = Asus7
uname -m = x86_64
uname -r = 2.6.13-15.18-smp
uname -s = Linux
uname -v = #1 SMP Tue Oct 2 17:36:20 UTC 2007

/usr/bin/uname -p = unknown
/bin/uname -X     = unknown

/bin/arch              = x86_64
/usr/bin/arch -k       = unknown
/usr/convex/getsysinfo = unknown
/usr/bin/hostinfo      = unknown
/bin/machine           = unknown
/usr/bin/oslevel       = unknown
/bin/universe          = unknown

PATH: .
PATH: /usr1/texlive05/bin/x86_64-linux
PATH: /home/plagchk/bin
PATH: /usr/local/bin
PATH: /usr/bin
PATH: /sbin
PATH: /usr/X11R6/bin
PATH: /usr/sbin
PATH: /bin
PATH: /usr/games
PATH: /opt/gnome/bin
PATH: /opt/kde3/bin
PATH: /usr/lib64/jvm/jre/bin
PATH: /usr/lib/mit/bin
PATH: /usr/lib/mit/sbin
PATH: /usr/local/bin
PATH: /usr1/plagchk/tools
PATH: /usr1/model/bin
PATH: /usr1/texlive05/bin/x86_64-linux
PATH: /usr/local/bin
PATH: /usr1/plagchk/tools
PATH: /usr1/model/bin
PATH: /usr1/texlive05/bin/x86_64-linux


## ----------- ##
## Core tests. ##
## ----------- ##

configure:1791: checking for gcc
configure:1807: found /usr/bin/gcc
configure:1818: result: gcc
configure:2056: checking for C compiler version
configure:2063: gcc --version >&5
gcc (GCC) 4.0.2 20050901 (prerelease) (SUSE Linux)
Copyright (C) 2005 Free Software Foundation, Inc.
This is free software; see the source for copying conditions.  There is NO
warranty; not even for MERCHANTABILITY or FITNESS FOR A PARTICULAR PURPOSE.

configure:2066: $? = 0
configure:2073: gcc -v >&5
Using built-in specs.
Target: x86_64-suse-linux
Configured with: ../configure --enable-threads=posix --prefix=/usr --with-local-prefix=/usr/local --infodir=/usr/share/info --mandir=/usr/share/man --libdir=/usr/lib64 --libexecdir=/usr/lib64 --enable-languages=c,c++,objc,f95,java,ada --disable-checking --with-gxx-include-dir=/usr/include/c++/4.0.2 --enable-java-awt=gtk --disable-libjava-multilib --with-slibdir=/lib64 --with-system-zlib --enable-shared --enable-__cxa_atexit --without-system-libunwind --host=x86_64-suse-linux
Thread model: posix
gcc version 4.0.2 20050901 (prerelease) (SUSE Linux)
configure:2076: $? = 0
configure:2083: gcc -V >&5
gcc: '-V' option must have argument
configure:2086: $? = 1
configure:2109: checking for C compiler default output file name
configure:2136: gcc    conftest.c  >&5
configure:2139: $? = 0
configure:2177: result: a.out
configure:2194: checking whether the C compiler works
configure:2204: ./a.out
configure:2207: $? = 0
configure:2224: result: yes
configure:2231: checking whether we are cross compiling
configure:2233: result: no
configure:2236: checking for suffix of executables
configure:2243: gcc -o conftest    conftest.c  >&5
configure:2246: $? = 0
configure:2270: result: 
configure:2276: checking for suffix of object files
configure:2302: gcc -c   conftest.c >&5
configure:2305: $? = 0
configure:2328: result: o
configure:2332: checking whether we are using the GNU C compiler
configure:2361: gcc -c   conftest.c >&5
configure:2367: $? = 0
configure:2384: result: yes
configure:2389: checking whether gcc accepts -g
configure:2419: gcc -c -g  conftest.c >&5
configure:2425: $? = 0
configure:2524: result: yes
configure:2541: checking for gcc option to accept ISO C89
configure:2615: gcc  -c -g -O2  conftest.c >&5
configure:2621: $? = 0
configure:2644: result: none needed
configure:2707: checking for a BSD-compatible install
configure:2763: result: /usr/bin/install -c
configure:2784: checking build system type
configure:2802: result: x86_64-unknown-linux-gnu
configure:2824: checking host system type
configure:2839: result: x86_64-unknown-linux-gnu
configure:2861: checking target system type
configure:2876: result: x86_64-unknown-linux-gnu
configure:2939: checking for msvc cl.exe (optional)
configure:2954: result: not found
configure:2978: checking ocaml version is at least 3.08
configure:2995: result: version is 3.10.2, ok
configure:3004: WARNING: Your ocaml version is 3.10.2, but the latest version this program
                   is known to work with is 3.09.  If you have
                   trouble compiling, please try using an earlier version
                   or see if there is a later version of this program.
configure:3025: checking existence of related ocaml tools
configure:3031: result: ok
configure:3069: checking for Perl
configure:3132: result: found version 5.008007, port linux
configure:3209: checking if performance counters are usable
configure:3217: result: ok (2225.000 cycles per us)
configure:3245: checking for gcc version
configure:3253: checking how to run the C preprocessor
configure:3293: gcc -E  conftest.c
configure:3299: $? = 0
configure:3330: gcc -E  conftest.c
conftest.c:8:28: error: ac_nonexistent.h: No such file or directory
configure:3336: $? = 1
configure: failed program was:
| /* confdefs.h.  */
| #define PACKAGE_NAME ""
| #define PACKAGE_TARNAME ""
| #define PACKAGE_VERSION ""
| #define PACKAGE_STRING ""
| #define PACKAGE_BUGREPORT ""
| /* end confdefs.h.  */
| #include <ac_nonexistent.h>
configure:3369: result: gcc -E
configure:3398: gcc -E  conftest.c
configure:3404: $? = 0
configure:3435: gcc -E  conftest.c
conftest.c:8:28: error: ac_nonexistent.h: No such file or directory
configure:3441: $? = 1
configure: failed program was:
| /* confdefs.h.  */
| #define PACKAGE_NAME ""
| #define PACKAGE_TARNAME ""
| #define PACKAGE_VERSION ""
| #define PACKAGE_STRING ""
| #define PACKAGE_BUGREPORT ""
| /* end confdefs.h.  */
| #include <ac_nonexistent.h>
configure:3479: checking for grep that handles long lines and -e
configure:3553: result: /usr/bin/grep
configure:3558: checking for egrep
configure:3636: result: /usr/bin/grep -E
configure:3641: checking for ANSI C header files
configure:3671: gcc -c -g -O2  conftest.c >&5
configure:3677: $? = 0
configure:3776: gcc -o conftest -g -O2   conftest.c  >&5
configure:3779: $? = 0
configure:3785: ./conftest
configure:3788: $? = 0
configure:3805: result: yes
configure:3829: checking for sys/types.h
configure:3850: gcc -c -g -O2  conftest.c >&5
configure:3856: $? = 0
configure:3872: result: yes
configure:3829: checking for sys/stat.h
configure:3850: gcc -c -g -O2  conftest.c >&5
configure:3856: $? = 0
configure:3872: result: yes
configure:3829: checking for stdlib.h
configure:3850: gcc -c -g -O2  conftest.c >&5
configure:3856: $? = 0
configure:3872: result: yes
configure:3829: checking for string.h
configure:3850: gcc -c -g -O2  conftest.c >&5
configure:3856: $? = 0
configure:3872: result: yes
configure:3829: checking for memory.h
configure:3850: gcc -c -g -O2  conftest.c >&5
configure:3856: $? = 0
configure:3872: result: yes
configure:3829: checking for strings.h
configure:3850: gcc -c -g -O2  conftest.c >&5
configure:3856: $? = 0
configure:3872: result: yes
configure:3829: checking for inttypes.h
configure:3850: gcc -c -g -O2  conftest.c >&5
configure:3856: $? = 0
configure:3872: result: yes
configure:3829: checking for stdint.h
configure:3850: gcc -c -g -O2  conftest.c >&5
configure:3856: $? = 0
configure:3872: result: yes
configure:3829: checking for unistd.h
configure:3850: gcc -c -g -O2  conftest.c >&5
configure:3856: $? = 0
configure:3872: result: yes
configure:3884: checking for __builtin_va_list
configure:3914: gcc -c -g -O2  conftest.c >&5
configure:3920: $? = 0
configure:3935: result: yes
configure:3943: checking if __thread is a keyword
configure:3954: gcc -c -g -O2  conftest.c >&5
conftest.c:1: error: storage class specified for parameter 'type name'
conftest.c: In function 'main':
conftest.c:1: error: parameter name omitted
configure:3960: $? = 1
configure: failed program was:
| int main(int __thread) { return 0; }
configure:3974: result: true
configure:3979: checking if gcc adds underscores to assembly labels.
configure:3990: gcc -o conftest -g -O2   conftest.c  >&5
/tmp/ccEp5AXn.o: In function `main':
/usr1/cbook/usage/parse/cil/conftest.c:1: undefined reference to `_main'
collect2: ld returned 1 exit status
configure:3996: $? = 1
configure: failed program was:
| int main() { __asm__("jmp _main"); }
configure:4012: result: false
configure:4020: checking for ANSI C header files
configure:4184: result: yes
configure:4203: checking for stdlib.h
configure:4209: result: yes
configure:4203: checking for strings.h
configure:4209: result: yes
configure:4213: checking sys/time.h usability
configure:4230: gcc -c -g -O2  conftest.c >&5
configure:4236: $? = 0
configure:4250: result: yes
configure:4254: checking sys/time.h presence
configure:4269: gcc -E  conftest.c
configure:4275: $? = 0
configure:4289: result: yes
configure:4317: checking for sys/time.h
configure:4325: result: yes
configure:4203: checking for unistd.h
configure:4209: result: yes
configure:4213: checking wchar.h usability
configure:4230: gcc -c -g -O2  conftest.c >&5
configure:4236: $? = 0
configure:4250: result: yes
configure:4254: checking wchar.h presence
configure:4269: gcc -E  conftest.c
configure:4275: $? = 0
configure:4289: result: yes
configure:4317: checking for wchar.h
configure:4325: result: yes
configure:4340: checking for an ANSI C-conforming const
configure:4415: gcc -c -g -O2  conftest.c >&5
configure:4421: $? = 0
configure:4436: result: yes
configure:4446: checking for inline
configure:4472: gcc -c -g -O2  conftest.c >&5
configure:4478: $? = 0
configure:4496: result: inline
configure:4515: checking whether time.h and sys/time.h may both be included
configure:4545: gcc -c -g -O2  conftest.c >&5
configure:4551: $? = 0
configure:4566: result: yes
configure:4578: checking for working memcmp
configure:4631: gcc -o conftest -g -O2   conftest.c  >&5
configure:4634: $? = 0
configure:4640: ./conftest
configure:4643: $? = 0
configure:4659: result: yes
configure:4675: checking for mkdir
configure:4731: gcc -o conftest -g -O2   conftest.c  >&5
configure:4737: $? = 0
configure:4755: result: yes
configure:4675: checking for select
configure:4731: gcc -o conftest -g -O2   conftest.c  >&5
configure:4737: $? = 0
configure:4755: result: yes
configure:4675: checking for socket
configure:4731: gcc -o conftest -g -O2   conftest.c  >&5
configure:4737: $? = 0
configure:4755: result: yes
configure:4675: checking for __sysv_signal
configure:4731: gcc -o conftest -g -O2   conftest.c  >&5
configure:4737: $? = 0
configure:4755: result: yes
configure:4788: checking definition of size_t
configure:4800: result: unsigned long
configure:4803: checking definition of wchar_t
configure:4815: result: int
configure:4824: result: configuring for linux/x86
configure:4914: checking for obj/x86_LINUX
configure:4930: result: no
configure:4935: result: creating obj/x86_LINUX
configure:4941: checking delete the obj/x86_LINUX/feature_config.ml and obj/x86_LINUX/machdep.ml file
configure:4947: result: done
configure:5003: checking whether to use CIL feature blockinggraph
configure:5010: result: no
configure:5003: checking whether to use CIL feature rand
configure:5010: result: no
configure:5003: checking whether to use CIL feature arithabs
configure:5010: result: no
configure:5003: checking whether to use CIL feature zrapp
configure:5010: result: no
configure:5246: creating ./config.status

## ---------------------- ##
## Running config.status. ##
## ---------------------- ##

This file was extended by config.status, which was
generated by GNU Autoconf 2.61.  Invocation command line was

  CONFIG_FILES    = 
  CONFIG_HEADERS  = 
  CONFIG_LINKS    = 
  CONFIG_COMMANDS = 
  $ ./config.status 

on Asus7

config.status:632: creating Makefile
config.status:632: creating cil.spec
config.status:632: creating config.mk
config.status:632: creating bin/cilly.bat
config.status:632: creating bin/patcher.bat
config.status:632: creating bin/CilConfig.pm
config.status:632: creating ocamlutil/perfcount.c
config.status:632: creating config.h

## ---------------- ##
## Cache variables. ##
## ---------------- ##

ac_cv_build=x86_64-unknown-linux-gnu
ac_cv_c_compiler_gnu=yes
ac_cv_c_const=yes
ac_cv_c_inline=inline
ac_cv_env_CC_set=
ac_cv_env_CC_value=
ac_cv_env_CFLAGS_set=
ac_cv_env_CFLAGS_value=
ac_cv_env_CPPFLAGS_set=
ac_cv_env_CPPFLAGS_value=
ac_cv_env_CPP_set=
ac_cv_env_CPP_value=
ac_cv_env_LDFLAGS_set=
ac_cv_env_LDFLAGS_value=
ac_cv_env_LIBS_set=
ac_cv_env_LIBS_value=
ac_cv_env_build_alias_set=
ac_cv_env_build_alias_value=
ac_cv_env_host_alias_set=
ac_cv_env_host_alias_value=
ac_cv_env_target_alias_set=
ac_cv_env_target_alias_value=
ac_cv_file_obj_x86_LINUX=no
ac_cv_func___sysv_signal=yes
ac_cv_func_memcmp_working=yes
ac_cv_func_mkdir=yes
ac_cv_func_select=yes
ac_cv_func_socket=yes
ac_cv_header_inttypes_h=yes
ac_cv_header_memory_h=yes
ac_cv_header_stdc=yes
ac_cv_header_stdint_h=yes
ac_cv_header_stdlib_h=yes
ac_cv_header_string_h=yes
ac_cv_header_strings_h=yes
ac_cv_header_sys_stat_h=yes
ac_cv_header_sys_time_h=yes
ac_cv_header_sys_types_h=yes
ac_cv_header_time=yes
ac_cv_header_unistd_h=yes
ac_cv_header_wchar_h=yes
ac_cv_host=x86_64-unknown-linux-gnu
ac_cv_objext=o
ac_cv_path_EGREP='/usr/bin/grep -E'
ac_cv_path_GREP=/usr/bin/grep
ac_cv_path_install='/usr/bin/install -c'
ac_cv_prog_CPP='gcc -E'
ac_cv_prog_ac_ct_CC=gcc
ac_cv_prog_cc_c89=
ac_cv_prog_cc_g=yes
ac_cv_target=x86_64-unknown-linux-gnu
ac_cv_type___builtin_va_list=yes

## ----------------- ##
## Output variables. ##
## ----------------- ##

ARCHOS='x86_LINUX'
CC='gcc'
CFLAGS='-g -O2'
CILHOME='/usr1/cbook/usage/parse/cil'
CIL_VERSION='1.3.6'
CIL_VERSION_MAJOR='1'
CIL_VERSION_MINOR='3'
CIL_VERSION_REV='6'
CPP='gcc -E'
CPPFLAGS=''
CYCLES_PER_USEC='2225.000'
DEFAULT_CIL_MODE='GNUCC'
DEFAULT_COMPILER='_GNUCC'
DEFS='-DHAVE_CONFIG_H'
ECHO_C=''
ECHO_N='-n'
ECHO_T=''
EGREP='/usr/bin/grep -E'
EXEEXT=''
EXTRAFEATURES=''
EXTRASRCDIRS=''
GREP='/usr/bin/grep'
HAS_MSVC='no'
HAS_PERFCOUNT='1'
HAVE_BUILTIN_VA_LIST='true'
INSTALL_DATA='${INSTALL} -m 644'
INSTALL_PROGRAM='${INSTALL}'
INSTALL_SCRIPT='${INSTALL}'
LDFLAGS=''
LIBOBJS=''
LIBS=''
LTLIBOBJS=''
OBJEXT='o'
PACKAGE_BUGREPORT=''
PACKAGE_NAME=''
PACKAGE_STRING=''
PACKAGE_TARNAME=''
PACKAGE_VERSION=''
PATH_SEPARATOR=':'
SHELL='/bin/sh'
THREAD_IS_KEYWORD='true'
UNDERSCORE_NAME='false'
ac_ct_CC='gcc'
bindir='${exec_prefix}/bin'
build='x86_64-unknown-linux-gnu'
build_alias=''
build_cpu='x86_64'
build_os='linux-gnu'
build_vendor='unknown'
datadir='${datarootdir}'
datarootdir='${prefix}/share'
docdir='${datarootdir}/doc/${PACKAGE}'
dvidir='${docdir}'
exec_prefix='${prefix}'
host='x86_64-unknown-linux-gnu'
host_alias=''
host_cpu='x86_64'
host_os='linux-gnu'
host_vendor='unknown'
htmldir='${docdir}'
includedir='${prefix}/include'
infodir='${datarootdir}/info'
libdir='${exec_prefix}/lib'
libexecdir='${exec_prefix}/libexec'
localedir='${datarootdir}/locale'
localstatedir='${prefix}/var'
mandir='${datarootdir}/man'
oldincludedir='/usr/include'
pdfdir='${docdir}'
prefix='/usr/local'
program_transform_name='s,x,x,'
psdir='${docdir}'
sbindir='${exec_prefix}/sbin'
sharedstatedir='${prefix}/com'
sysconfdir='${prefix}/etc'
target='x86_64-unknown-linux-gnu'
target_alias=''
target_cpu='x86_64'
target_os='linux-gnu'
target_vendor='unknown'

## ----------- ##
## confdefs.h. ##
## ----------- ##

#define PACKAGE_NAME ""
#define PACKAGE_TARNAME ""
#define PACKAGE_VERSION ""
#define PACKAGE_STRING ""
#define PACKAGE_BUGREPORT ""
#define STDC_HEADERS 1
#define HAVE_SYS_TYPES_H 1
#define HAVE_SYS_STAT_H 1
#define HAVE_STDLIB_H 1
#define HAVE_STRING_H 1
#define HAVE_MEMORY_H 1
#define HAVE_STRINGS_H 1
#define HAVE_INTTYPES_H 1
#define HAVE_STDINT_H 1
#define HAVE_UNISTD_H 1
#define STDC_HEADERS 1
#define HAVE_STDLIB_H 1
#define HAVE_STRINGS_H 1
#define HAVE_SYS_TIME_H 1
#define HAVE_UNISTD_H 1
#define HAVE_WCHAR_H 1
#define TIME_WITH_SYS_TIME 1
#define HAVE_MKDIR 1
#define HAVE_SELECT 1
#define HAVE_SOCKET 1
#define HAVE___SYSV_SIGNAL 1
#define TYPE_SIZE_T "unsigned long"
#define TYPE_WCHAR_T "int"

configure: exit 0
